  fenci.c
C:\Users\10101\Desktop\vsprj\BraillewithSegement\BraillewithSegement\fenci.c(1702,1): warning C4996: 'strcpy': This function or variable may be unsafe. Consider using strcpy_s instead. To disable deprecation, use _CRT_SECURE_NO_WARNINGS. See online help for details.
D:\Windows Kits\10\Include\10.0.18362.0\ucrt\string.h(133): message : 参见“strcpy”的声明
C:\Users\10101\Desktop\vsprj\BraillewithSegement\BraillewithSegement\fenci.c(1727,1): warning C4996: 'strcpy': This function or variable may be unsafe. Consider using strcpy_s instead. To disable deprecation, use _CRT_SECURE_NO_WARNINGS. See online help for details.
D:\Windows Kits\10\Include\10.0.18362.0\ucrt\string.h(133): message : 参见“strcpy”的声明
C:\Users\10101\Desktop\vsprj\BraillewithSegement\BraillewithSegement\fenci.c(1742,1): warning C4996: 'strcpy': This function or variable may be unsafe. Consider using strcpy_s instead. To disable deprecation, use _CRT_SECURE_NO_WARNINGS. See online help for details.
D:\Windows Kits\10\Include\10.0.18362.0\ucrt\string.h(133): message : 参见“strcpy”的声明
C:\Users\10101\Desktop\vsprj\BraillewithSegement\BraillewithSegement\fenci.c(1757,1): warning C4996: 'strcpy': This function or variable may be unsafe. Consider using strcpy_s instead. To disable deprecation, use _CRT_SECURE_NO_WARNINGS. See online help for details.
D:\Windows Kits\10\Include\10.0.18362.0\ucrt\string.h(133): message : 参见“strcpy”的声明
C:\Users\10101\Desktop\vsprj\BraillewithSegement\BraillewithSegement\fenci.c(1772,1): warning C4996: 'strncat': This function or variable may be unsafe. Consider using strncat_s instead. To disable deprecation, use _CRT_SECURE_NO_WARNINGS. See online help for details.
D:\Windows Kits\10\Include\10.0.18362.0\ucrt\string.h(266): message : 参见“strncat”的声明
C:\Users\10101\Desktop\vsprj\BraillewithSegement\BraillewithSegement\fenci.c(1793,1): warning C4996: 'strcpy': This function or variable may be unsafe. Consider using strcpy_s instead. To disable deprecation, use _CRT_SECURE_NO_WARNINGS. See online help for details.
D:\Windows Kits\10\Include\10.0.18362.0\ucrt\string.h(133): message : 参见“strcpy”的声明
C:\Users\10101\Desktop\vsprj\BraillewithSegement\BraillewithSegement\fenci.c(1821,1): warning C4996: 'strcat': This function or variable may be unsafe. Consider using strcat_s instead. To disable deprecation, use _CRT_SECURE_NO_WARNINGS. See online help for details.
D:\Windows Kits\10\Include\10.0.18362.0\ucrt\string.h(90): message : 参见“strcat”的声明
C:\Users\10101\Desktop\vsprj\BraillewithSegement\BraillewithSegement\fenci.c(1827,1): warning C4996: 'strncat': This function or variable may be unsafe. Consider using strncat_s instead. To disable deprecation, use _CRT_SECURE_NO_WARNINGS. See online help for details.
D:\Windows Kits\10\Include\10.0.18362.0\ucrt\string.h(266): message : 参见“strncat”的声明
C:\Users\10101\Desktop\vsprj\BraillewithSegement\BraillewithSegement\fenci.c(1835,16): warning C4018: “<”: 有符号/无符号不匹配
C:\Users\10101\Desktop\vsprj\BraillewithSegement\BraillewithSegement\fenci.c(1839,1): warning C4996: 'strcat': This function or variable may be unsafe. Consider using strcat_s instead. To disable deprecation, use _CRT_SECURE_NO_WARNINGS. See online help for details.
D:\Windows Kits\10\Include\10.0.18362.0\ucrt\string.h(90): message : 参见“strcat”的声明
C:\Users\10101\Desktop\vsprj\BraillewithSegement\BraillewithSegement\fenci.c(1840,1): warning C4996: 'strcat': This function or variable may be unsafe. Consider using strcat_s instead. To disable deprecation, use _CRT_SECURE_NO_WARNINGS. See online help for details.
D:\Windows Kits\10\Include\10.0.18362.0\ucrt\string.h(90): message : 参见“strcat”的声明
C:\Users\10101\Desktop\vsprj\BraillewithSegement\BraillewithSegement\fenci.c(1843,1): warning C4996: 'strncat': This function or variable may be unsafe. Consider using strncat_s instead. To disable deprecation, use _CRT_SECURE_NO_WARNINGS. See online help for details.
D:\Windows Kits\10\Include\10.0.18362.0\ucrt\string.h(266): message : 参见“strncat”的声明
C:\Users\10101\Desktop\vsprj\BraillewithSegement\BraillewithSegement\fenci.c(1855,16): warning C4018: “<”: 有符号/无符号不匹配
C:\Users\10101\Desktop\vsprj\BraillewithSegement\BraillewithSegement\fenci.c(1865,16): warning C4018: “<”: 有符号/无符号不匹配
C:\Users\10101\Desktop\vsprj\BraillewithSegement\BraillewithSegement\fenci.c(1868,17): warning C4018: “<”: 有符号/无符号不匹配
C:\Users\10101\Desktop\vsprj\BraillewithSegement\BraillewithSegement\fenci.c(1857,1): warning C4996: 'strcat': This function or variable may be unsafe. Consider using strcat_s instead. To disable deprecation, use _CRT_SECURE_NO_WARNINGS. See online help for details.
D:\Windows Kits\10\Include\10.0.18362.0\ucrt\string.h(90): message : 参见“strcat”的声明
C:\Users\10101\Desktop\vsprj\BraillewithSegement\BraillewithSegement\fenci.c(1859,1): warning C4996: 'strcat': This function or variable may be unsafe. Consider using strcat_s instead. To disable deprecation, use _CRT_SECURE_NO_WARNINGS. See online help for details.
D:\Windows Kits\10\Include\10.0.18362.0\ucrt\string.h(90): message : 参见“strcat”的声明
C:\Users\10101\Desktop\vsprj\BraillewithSegement\BraillewithSegement\fenci.c(1870,1): warning C4996: 'strcat': This function or variable may be unsafe. Consider using strcat_s instead. To disable deprecation, use _CRT_SECURE_NO_WARNINGS. See online help for details.
D:\Windows Kits\10\Include\10.0.18362.0\ucrt\string.h(90): message : 参见“strcat”的声明
C:\Users\10101\Desktop\vsprj\BraillewithSegement\BraillewithSegement\fenci.c(1872,1): warning C4996: 'strcat': This function or variable may be unsafe. Consider using strcat_s instead. To disable deprecation, use _CRT_SECURE_NO_WARNINGS. See online help for details.
D:\Windows Kits\10\Include\10.0.18362.0\ucrt\string.h(90): message : 参见“strcat”的声明
C:\Users\10101\Desktop\vsprj\BraillewithSegement\BraillewithSegement\fenci.c(1879,1): warning C4996: 'strncat': This function or variable may be unsafe. Consider using strncat_s instead. To disable deprecation, use _CRT_SECURE_NO_WARNINGS. See online help for details.
D:\Windows Kits\10\Include\10.0.18362.0\ucrt\string.h(266): message : 参见“strncat”的声明
C:\Users\10101\Desktop\vsprj\BraillewithSegement\BraillewithSegement\fenci.c(1928,1): warning C4996: 'strcpy': This function or variable may be unsafe. Consider using strcpy_s instead. To disable deprecation, use _CRT_SECURE_NO_WARNINGS. See online help for details.
D:\Windows Kits\10\Include\10.0.18362.0\ucrt\string.h(133): message : 参见“strcpy”的声明
C:\Users\10101\Desktop\vsprj\BraillewithSegement\BraillewithSegement\fenci.c(2020,1): warning C4996: 'strcat': This function or variable may be unsafe. Consider using strcat_s instead. To disable deprecation, use _CRT_SECURE_NO_WARNINGS. See online help for details.
D:\Windows Kits\10\Include\10.0.18362.0\ucrt\string.h(90): message : 参见“strcat”的声明
C:\Users\10101\Desktop\vsprj\BraillewithSegement\BraillewithSegement\fenci.c(2021,1): warning C4996: 'strcat': This function or variable may be unsafe. Consider using strcat_s instead. To disable deprecation, use _CRT_SECURE_NO_WARNINGS. See online help for details.
D:\Windows Kits\10\Include\10.0.18362.0\ucrt\string.h(90): message : 参见“strcat”的声明
C:\Users\10101\Desktop\vsprj\BraillewithSegement\BraillewithSegement\fenci.c(2048,1): warning C4996: 'strcpy': This function or variable may be unsafe. Consider using strcpy_s instead. To disable deprecation, use _CRT_SECURE_NO_WARNINGS. See online help for details.
D:\Windows Kits\10\Include\10.0.18362.0\ucrt\string.h(133): message : 参见“strcpy”的声明
C:\Users\10101\Desktop\vsprj\BraillewithSegement\BraillewithSegement\fenci.c(2104,1): warning C4996: 'strcpy': This function or variable may be unsafe. Consider using strcpy_s instead. To disable deprecation, use _CRT_SECURE_NO_WARNINGS. See online help for details.
D:\Windows Kits\10\Include\10.0.18362.0\ucrt\string.h(133): message : 参见“strcpy”的声明
C:\Users\10101\Desktop\vsprj\BraillewithSegement\BraillewithSegement\fenci.c(2117,1): warning C4996: 'strcpy': This function or variable may be unsafe. Consider using strcpy_s instead. To disable deprecation, use _CRT_SECURE_NO_WARNINGS. See online help for details.
D:\Windows Kits\10\Include\10.0.18362.0\ucrt\string.h(133): message : 参见“strcpy”的声明
C:\Users\10101\Desktop\vsprj\BraillewithSegement\BraillewithSegement\fenci.c(2059,65): warning C4101: “strChar3”: 未引用的局部变量
C:\Users\10101\Desktop\vsprj\BraillewithSegement\BraillewithSegement\fenci.c(2059,53): warning C4101: “strChar2”: 未引用的局部变量
C:\Users\10101\Desktop\vsprj\BraillewithSegement\BraillewithSegement\fenci.c(2059,41): warning C4101: “strChar1”: 未引用的局部变量
C:\Users\10101\Desktop\vsprj\BraillewithSegement\BraillewithSegement\fenci.c(2168,1): warning C4996: 'fopen': This function or variable may be unsafe. Consider using fopen_s instead. To disable deprecation, use _CRT_SECURE_NO_WARNINGS. See online help for details.
D:\Windows Kits\10\Include\10.0.18362.0\ucrt\stdio.h(208): message : 参见“fopen”的声明
C:\Users\10101\Desktop\vsprj\BraillewithSegement\BraillewithSegement\fenci.c(2159,26): warning C4101: “lastChar”: 未引用的局部变量
C:\Users\10101\Desktop\vsprj\BraillewithSegement\BraillewithSegement\fenci.c(2159,16): warning C4101: “firstChar”: 未引用的局部变量
C:\Users\10101\Desktop\vsprj\BraillewithSegement\BraillewithSegement\fenci.c(2388,6): warning C4101: “i”: 未引用的局部变量
C:\Users\10101\Desktop\vsprj\BraillewithSegement\BraillewithSegement\fenci.c(1712): warning C4715: “ftb”: 不是所有的控件路径都返回值
  BraillewithSegement.vcxproj -> C:\Users\10101\Desktop\vsprj\BraillewithSegement\Debug\BraillewithSegement.exe
